<?xml version="1.0" encoding="utf-8"?><testsuites name="pytest tests"><testsuite name="pytest" errors="0" failures="2" skipped="0" tests="13" time="0.716" timestamp="2026-06-29T12:48:50.177831+00:00" hostname="agent-env-57c48fcf-5eaf-495c-bd56-f3daaa947399"><testcase classname="backend.tests.test_plump_api.TestPublicApi" name="test_health" time="0.183" /><testcase classname="backend.tests.test_plump_api.TestPublicApi" name="test_root" time="0.131" /><testcase classname="backend.tests.test_plump_api.TestV1PublicRouting" name="test_v1_config_public" time="0.136"><failure message="AssertionError: /v1/config not routed to backend via public ingress (got text/html). Frontend remote config call will silently fall back.&#10;assert 'application/json' in 'text/html'">backend/tests/test_plump_api.py:43: in test_v1_config_public
    assert "application/json" in ctype, (
E   AssertionError: /v1/config not routed to backend via public ingress (got text/html). Frontend remote config call will silently fall back.
E   assert 'application/json' in 'text/html'</failure></testcase><testcase classname="backend.tests.test_plump_api.TestV1PublicRouting" name="test_v1_events_public" time="0.100"><failure message="AssertionError: assert 'application/json' in 'text/html'&#10; +  where 'text/html' = get('content-type', '')&#10; +    where get = {'Date': 'Mon, 29 Jun 2026 12:48:50 GMT', 'Content-Type': 'text/html', 'Transfer-Encoding': 'chunked', 'Connection': 'keep-alive', 'CF-Ray': 'a1350c3d5f6a6501-ORD', 'CF-Cache-Status': 'DYNAMIC', 'Access-Control-Allow-Origin': '*', 'Cache-Control': 'no-store, no-cache, must-revalidate', 'Expires': '0', 'Server': 'cloudflare', 'Via': '1.1 google', 'Pragma': 'no-cache', 'Access-Control-Allow-Headers': '*', 'Access-Control-Allow-Methods': 'GET, POST, PUT, DELETE, OPTIONS, HEAD, PATCH', 'Access-Control-Max-Age': '300', 'surrogate-control': 'no-store', 'x-content-type-options': 'nosniff', 'set-cookie': '__cf_bm=bfthpNQCpIWbMgDCBAcIn6wUYpwu1Xzgm1Z3brdk6QA-1782737330.7793067-1.0.1.1-lvc_.7gbjKnKsKHIEAly0HUMpkboxyRqb8NQ4ScYkOvAEmOvCMPpuzQM7O9DgX02SYplTq2kHJn.0DQ4t.lBwpaES0zNvvsviFkyivw3lYdrG4quzl.TmcXkIonYhKXj; HttpOnly; SameSite=None; Secure; Path=/; Domain=preview.emergentagent.com; Expires=Mon, 29 Jun 2026 13:18:50 GMT', 'X-Robots-Tag': 'noindex, nofollow', 'Content-Encoding': 'gzip'}.get&#10; +      where {'Date': 'Mon, 29 Jun 2026 12:48:50 GMT', 'Content-Type': 'text/html', 'Transfer-Encoding': 'chunked', 'Connection': 'keep-alive', 'CF-Ray': 'a1350c3d5f6a6501-ORD', 'CF-Cache-Status': 'DYNAMIC', 'Access-Control-Allow-Origin': '*', 'Cache-Control': 'no-store, no-cache, must-revalidate', 'Expires': '0', 'Server': 'cloudflare', 'Via': '1.1 google', 'Pragma': 'no-cache', 'Access-Control-Allow-Headers': '*', 'Access-Control-Allow-Methods': 'GET, POST, PUT, DELETE, OPTIONS, HEAD, PATCH', 'Access-Control-Max-Age': '300', 'surrogate-control': 'no-store', 'x-content-type-options': 'nosniff', 'set-cookie': '__cf_bm=bfthpNQCpIWbMgDCBAcIn6wUYpwu1Xzgm1Z3brdk6QA-1782737330.7793067-1.0.1.1-lvc_.7gbjKnKsKHIEAly0HUMpkboxyRqb8NQ4ScYkOvAEmOvCMPpuzQM7O9DgX02SYplTq2kHJn.0DQ4t.lBwpaES0zNvvsviFkyivw3lYdrG4quzl.TmcXkIonYhKXj; HttpOnly; SameSite=None; Secure; Path=/; Domain=preview.emergentagent.com; Expires=Mon, 29 Jun 2026 13:18:50 GMT', 'X-Robots-Tag': 'noindex, nofollow', 'Content-Encoding': 'gzip'} = &lt;Response [200]&gt;.headers">backend/tests/test_plump_api.py:55: in test_v1_events_public
    assert "application/json" in r.headers.get("content-type", "")
E   AssertionError: assert 'application/json' in 'text/html'
E    +  where 'text/html' = get('content-type', '')
E    +    where get = {'Date': 'Mon, 29 Jun 2026 12:48:50 GMT', 'Content-Type': 'text/html', 'Transfer-Encoding': 'chunked', 'Connection': 'keep-alive', 'CF-Ray': 'a1350c3d5f6a6501-ORD', 'CF-Cache-Status': 'DYNAMIC', 'Access-Control-Allow-Origin': '*', 'Cache-Control': 'no-store, no-cache, must-revalidate', 'Expires': '0', 'Server': 'cloudflare', 'Via': '1.1 google', 'Pragma': 'no-cache', 'Access-Control-Allow-Headers': '*', 'Access-Control-Allow-Methods': 'GET, POST, PUT, DELETE, OPTIONS, HEAD, PATCH', 'Access-Control-Max-Age': '300', 'surrogate-control': 'no-store', 'x-content-type-options': 'nosniff', 'set-cookie': '__cf_bm=bfthpNQCpIWbMgDCBAcIn6wUYpwu1Xzgm1Z3brdk6QA-1782737330.7793067-1.0.1.1-lvc_.7gbjKnKsKHIEAly0HUMpkboxyRqb8NQ4ScYkOvAEmOvCMPpuzQM7O9DgX02SYplTq2kHJn.0DQ4t.lBwpaES0zNvvsviFkyivw3lYdrG4quzl.TmcXkIonYhKXj; HttpOnly; SameSite=None; Secure; Path=/; Domain=preview.emergentagent.com; Expires=Mon, 29 Jun 2026 13:18:50 GMT', 'X-Robots-Tag': 'noindex, nofollow', 'Content-Encoding': 'gzip'}.get
E    +      where {'Date': 'Mon, 29 Jun 2026 12:48:50 GMT', 'Content-Type': 'text/html', 'Transfer-Encoding': 'chunked', 'Connection': 'keep-alive', 'CF-Ray': 'a1350c3d5f6a6501-ORD', 'CF-Cache-Status': 'DYNAMIC', 'Access-Control-Allow-Origin': '*', 'Cache-Control': 'no-store, no-cache, must-revalidate', 'Expires': '0', 'Server': 'cloudflare', 'Via': '1.1 google', 'Pragma': 'no-cache', 'Access-Control-Allow-Headers': '*', 'Access-Control-Allow-Methods': 'GET, POST, PUT, DELETE, OPTIONS, HEAD, PATCH', 'Access-Control-Max-Age': '300', 'surrogate-control': 'no-store', 'x-content-type-options': 'nosniff', 'set-cookie': '__cf_bm=bfthpNQCpIWbMgDCBAcIn6wUYpwu1Xzgm1Z3brdk6QA-1782737330.7793067-1.0.1.1-lvc_.7gbjKnKsKHIEAly0HUMpkboxyRqb8NQ4ScYkOvAEmOvCMPpuzQM7O9DgX02SYplTq2kHJn.0DQ4t.lBwpaES0zNvvsviFkyivw3lYdrG4quzl.TmcXkIonYhKXj; HttpOnly; SameSite=None; Secure; Path=/; Domain=preview.emergentagent.com; Expires=Mon, 29 Jun 2026 13:18:50 GMT', 'X-Robots-Tag': 'noindex, nofollow', 'Content-Encoding': 'gzip'} = &lt;Response [200]&gt;.headers</failure></testcase><testcase classname="backend.tests.test_plump_api.TestV1Local" name="test_config" time="0.002" /><testcase classname="backend.tests.test_plump_api.TestV1Local" name="test_events_accepts_batch" time="0.015" /><testcase classname="backend.tests.test_plump_api.TestV1Local" name="test_events_empty" time="0.003" /><testcase classname="backend.tests.test_plump_api.TestV1Local" name="test_sync" time="0.014" /><testcase classname="backend.tests.test_plump_api.TestV1Local" name="test_sync_empty_defaults" time="0.002" /><testcase classname="backend.tests.test_plump_api.TestV1Local" name="test_validate_transaction" time="0.012" /><testcase classname="backend.tests.test_plump_api.TestV1Local" name="test_app_store_notifications" time="0.011" /><testcase classname="backend.tests.test_plump_api.TestV1Local" name="test_app_store_notifications_invalid_json" time="0.002" /><testcase classname="backend.tests.test_plump_api.TestValidation" name="test_events_bad_schema_returns_422" time="0.001" /></testsuite></testsuites>